  maze1.1.cpp
C:\Users\Mr23\Documents\GitHub\myMaze\myMaze\maze1.1.cpp(39,16): warning C4267: 'initializing': conversion from 'size_t' to 'int', possible loss of data
C:\Users\Mr23\Documents\GitHub\myMaze\myMaze\maze1.1.cpp(154,73): warning C4244: 'argument': conversion from 'float' to 'int', possible loss of data
C:\Users\Mr23\Documents\GitHub\myMaze\myMaze\maze1.1.cpp(154,39): warning C4244: 'argument': conversion from 'float' to 'int', possible loss of data
C:\Users\Mr23\Documents\GitHub\myMaze\myMaze\maze1.1.cpp(163,57): warning C4267: 'argument': conversion from 'size_t' to 'int', possible loss of data
C:\Users\Mr23\Documents\GitHub\myMaze\myMaze\maze1.1.cpp(163,93): warning C4267: 'argument': conversion from 'size_t' to 'int', possible loss of data
C:\Users\Mr23\Documents\GitHub\myMaze\myMaze\maze1.1.cpp(171,15): warning C4244: 'argument': conversion from 'time_t' to 'unsigned int', possible loss of data
C:\Users\Mr23\Documents\GitHub\myMaze\myMaze\maze1.1.cpp(236,65): warning C4244: 'argument': conversion from 'float' to 'int', possible loss of data
C:\Users\Mr23\Documents\GitHub\myMaze\myMaze\maze1.1.cpp(236,45): warning C4244: 'argument': conversion from 'float' to 'int', possible loss of data
C:\Users\Mr23\Documents\GitHub\myMaze\myMaze\maze1.1.cpp(242,62): warning C4244: 'argument': conversion from 'float' to 'int', possible loss of data
C:\Users\Mr23\Documents\GitHub\myMaze\myMaze\maze1.1.cpp(242,43): warning C4244: 'argument': conversion from 'float' to 'int', possible loss of data
C:\Users\Mr23\Documents\GitHub\myMaze\myMaze\maze1.1.cpp(322,73): warning C4244: 'argument': conversion from 'float' to 'int', possible loss of data
C:\Users\Mr23\Documents\GitHub\myMaze\myMaze\maze1.1.cpp(322,48): warning C4244: 'argument': conversion from 'float' to 'int', possible loss of data
C:\Users\Mr23\Documents\GitHub\myMaze\myMaze\maze1.1.cpp(323,78): warning C4244: 'argument': conversion from 'float' to 'int', possible loss of data
C:\Users\Mr23\Documents\GitHub\myMaze\myMaze\maze1.1.cpp(323,53): warning C4244: 'argument': conversion from 'float' to 'int', possible loss of data
C:\Users\Mr23\Documents\GitHub\myMaze\myMaze\maze1.1.cpp(351,85): warning C4244: 'argument': conversion from 'float' to 'int', possible loss of data
C:\Users\Mr23\Documents\GitHub\myMaze\myMaze\maze1.1.cpp(351,65): warning C4244: 'argument': conversion from 'float' to 'int', possible loss of data
C:\Users\Mr23\Documents\GitHub\myMaze\myMaze\maze1.1.cpp(379,72): warning C4244: 'argument': conversion from 'float' to 'int', possible loss of data
C:\Users\Mr23\Documents\GitHub\myMaze\myMaze\maze1.1.cpp(379,51): warning C4244: 'argument': conversion from 'float' to 'int', possible loss of data
  myMaze.vcxproj -> C:\Users\Mr23\Documents\GitHub\myMaze\x64\Debug\myMaze.exe
  'pwsh.exe' is not recognized as an internal or external command,
  operable program or batch file.
